
> viewer@1.0.0 build
> next build

  ▲ Next.js 14.2.35

   Creating an optimized production build ...
 ✓ Compiled successfully
   Linting and checking validity of types ...
   Collecting page data ...
   Generating static pages (0/4) ...
   Generating static pages (1/4) 
   Generating static pages (2/4) 
   Generating static pages (3/4) 
 ✓ Generating static pages (4/4)
   Finalizing page optimization ...
   Collecting build traces ...

Route (app)                              Size     First Load JS
┌ ○ /                                    499 kB          587 kB
└ ○ /_not-found                          873 B          88.2 kB
+ First Load JS shared by all            87.3 kB
  ├ chunks/1dd3208c-d24d2e7a0d81de0a.js  53.6 kB
  ├ chunks/528-271b7c977218cda0.js       31.7 kB
  └ other shared chunks (total)          1.94 kB


○  (Static)  prerendered as static content

